000e11aea67fc5ea160c89e3ce97590bde5dde8189d0ebe1581c1d2f8c6cda28;0;1602579355611;4430
00056b62406fbbfdcd4286dbeec8d4dea195f7546fde478bf29d1b01ff4d3c28;000e11aea67fc5ea160c89e3ce97590bde5dde8189d0ebe1581c1d2f8c6cda28;1602579355697;3629
000ceab588b581f94520208bc25b64353aa8291c908a2e3bcd683f20cf8b6af0;00056b62406fbbfdcd4286dbeec8d4dea195f7546fde478bf29d1b01ff4d3c28;1602579355725;502
00087c030da4495ed9ed3bf812dd405b153f9315ee7269bd1f9c3f941bf4f261;000ceab588b581f94520208bc25b64353aa8291c908a2e3bcd683f20cf8b6af0;1604838162618;5650
0004c3517afc5cd12b5e2b4b095fb6d1288e658c9831616a6fb22cafcef48864;00087c030da4495ed9ed3bf812dd405b153f9315ee7269bd1f9c3f941bf4f261;1604838259175;8169
000f6c64e015b1325353feaa850ad8d50bebc6fcf6f21edf34d3f9b8eeb320b2;0004c3517afc5cd12b5e2b4b095fb6d1288e658c9831616a6fb22cafcef48864;1604920320574;3653
0001fe49a0ce51ef5cc23b28716cae6cbe7f9ba9f5996c018528c9b7015571b8;000f6c64e015b1325353feaa850ad8d50bebc6fcf6f21edf34d3f9b8eeb320b2;1604920370624;9582
0003e853a72d41b5cca9df60e9e60f94e14e6072a3c6d8498c8bce44e2d03db6;0001fe49a0ce51ef5cc23b28716cae6cbe7f9ba9f5996c018528c9b7015571b8;1605215335231;835
000f142805d81f0a506c3c1c838c06cc74c965ccc55cc644a29ce27e7a9d7b3c;0001fe49a0ce51ef5cc23b28716cae6cbe7f9ba9f5996c018528c9b7015571b8;1605260578108;7589
0007414f0fc0d675f5bf2466175b5994627d4fcd250c8c0fe1d7f75767ccdb43;000f142805d81f0a506c3c1c838c06cc74c965ccc55cc644a29ce27e7a9d7b3c;1605267748124;361
0001cf1577ef456739b30082978820ad99d9dac346d457f461d90d8dec1a9b8a;0007414f0fc0d675f5bf2466175b5994627d4fcd250c8c0fe1d7f75767ccdb43;1605355817368;10051
0000b08bb112b389ed6bf912bf737c389bc10e4a058af9327f1c08bf840da6af;0001cf1577ef456739b30082978820ad99d9dac346d457f461d90d8dec1a9b8a;1605356129779;1127
0003ca198defd7f39187a4c5b3d4838ec0bed95821298a4e333279654822c6be;0000b08bb112b389ed6bf912bf737c389bc10e4a058af9327f1c08bf840da6af;1605356314734;4943
000c696a969e4b87dd31b489a714e9c10e6ab66418c786c0298a10f0226601b3;0003ca198defd7f39187a4c5b3d4838ec0bed95821298a4e333279654822c6be;1605356842670;10055
0008f369584bbb0317bde1e3d06655ac02b5646c14756bf3fc067944fdf1dc2b;000c696a969e4b87dd31b489a714e9c10e6ab66418c786c0298a10f0226601b3;1605357976081;4585
00008061bfa6eec5de817fec12d99d957016c23959a234143274dd9933af5bdb;0008f369584bbb0317bde1e3d06655ac02b5646c14756bf3fc067944fdf1dc2b;1605358197894;4313
0006c71abcb892192c6713353adffc9e998d1e60f71cc2bd08a2807f06e3ede1;00008061bfa6eec5de817fec12d99d957016c23959a234143274dd9933af5bdb;1605358200217;10154
000f844b7c5fded42e688094c538e84b60a3764a7b6d780adcb8981b6dcb1b0f;0006c71abcb892192c6713353adffc9e998d1e60f71cc2bd08a2807f06e3ede1;1605358204687;7394
000db1ca2c154707669ef21d9b9dbacf3b3d460ebf78076d0721862bb298d10c;000f844b7c5fded42e688094c538e84b60a3764a7b6d780adcb8981b6dcb1b0f;1605358209147;606
000d0ff1769357f1d26a538f58d24ad0b3bcebbc90e79b1423cafa5b9bd4594a;000db1ca2c154707669ef21d9b9dbacf3b3d460ebf78076d0721862bb298d10c;1605358211375;3105
00033bb4b0b98cdc9dd743fa09238ad06fcb5e5cac3c4fe9a240480b4482fe0f;000d0ff1769357f1d26a538f58d24ad0b3bcebbc90e79b1423cafa5b9bd4594a;1605358396758;5
000be8e2aa61fc31cf51555f6910fe6275cd1190aab1ee728dfd8312206649b6;00033bb4b0b98cdc9dd743fa09238ad06fcb5e5cac3c4fe9a240480b4482fe0f;1605358399032;369
000e84e5fd4f15a73e8ee54317dc595e38da6fc8a24282d2790bc7087993bad5;000be8e2aa61fc31cf51555f6910fe6275cd1190aab1ee728dfd8312206649b6;1605358401265;11550
00076795a9060769064cbb7ef3e9de79933353c05b1f21521ab05a00fdfd3219;000e84e5fd4f15a73e8ee54317dc595e38da6fc8a24282d2790bc7087993bad5;1605358479258;5555
000540693f997492b00f48e44abf897a76ecb44641fdb7a4e9b3ad46a52b5c79;00076795a9060769064cbb7ef3e9de79933353c05b1f21521ab05a00fdfd3219;1605358481578;528
